<?xml version="1.0" encoding="UTF-8"?>
<testsuite xmlns:xsi="http://www.w3.org/2001/XMLSchema-instance" xsi:noNamespaceSchemaLocation="https://maven.apache.org/surefire/maven-surefire-plugin/xsd/surefire-test-report.xsd" name="TransferTest" time="0.013" tests="7" errors="0" skipped="0" failures="0">
  <properties>
    <property name="java.specification.version" value="17"/>
    <property name="sun.cpu.isalist" value="amd64"/>
    <property name="sun.jnu.encoding" value="Cp1252"/>
    <property name="java.class.path" value="C:\Users\adnan\OneDrive\Pictures\FH Aachen\OOS\Praktikum\OOS_P5\target\test-classes;C:\Users\adnan\OneDrive\Pictures\FH Aachen\OOS\Praktikum\OOS_P5\target\classes;C:\Users\adnan\.m2\repository\org\junit\jupiter\junit-jupiter\5.8.0\junit-jupiter-5.8.0.jar;C:\Users\adnan\.m2\repository\org\junit\jupiter\junit-jupiter-api\5.8.0\junit-jupiter-api-5.8.0.jar;C:\Users\adnan\.m2\repository\org\opentest4j\opentest4j\1.2.0\opentest4j-1.2.0.jar;C:\Users\adnan\.m2\repository\org\junit\platform\junit-platform-commons\1.8.0\junit-platform-commons-1.8.0.jar;C:\Users\adnan\.m2\repository\org\apiguardian\apiguardian-api\1.1.2\apiguardian-api-1.1.2.jar;C:\Users\adnan\.m2\repository\org\junit\jupiter\junit-jupiter-params\5.8.0\junit-jupiter-params-5.8.0.jar;C:\Users\adnan\.m2\repository\org\junit\jupiter\junit-jupiter-engine\5.8.0\junit-jupiter-engine-5.8.0.jar;C:\Users\adnan\.m2\repository\org\junit\platform\junit-platform-engine\1.8.0\junit-platform-engine-1.8.0.jar;C:\Users\adnan\.m2\repository\com\google\code\gson\gson\2.10\gson-2.10.jar;C:\Users\adnan\.m2\repository\org\openjfx\javafx-controls\19\javafx-controls-19.jar;C:\Users\adnan\.m2\repository\org\openjfx\javafx-controls\19\javafx-controls-19-win.jar;C:\Users\adnan\.m2\repository\org\openjfx\javafx-graphics\19\javafx-graphics-19.jar;C:\Users\adnan\.m2\repository\org\openjfx\javafx-graphics\19\javafx-graphics-19-win.jar;C:\Users\adnan\.m2\repository\org\openjfx\javafx-base\19\javafx-base-19.jar;C:\Users\adnan\.m2\repository\org\openjfx\javafx-base\19\javafx-base-19-win.jar;C:\Users\adnan\.m2\repository\org\openjfx\javafx-fxml\19\javafx-fxml-19.jar;C:\Users\adnan\.m2\repository\org\openjfx\javafx-fxml\19\javafx-fxml-19-win.jar;C:\Users\adnan\.m2\repository\org\jetbrains\annotations\20.1.0\annotations-20.1.0.jar;"/>
    <property name="java.vm.vendor" value="Oracle Corporation"/>
    <property name="sun.arch.data.model" value="64"/>
    <property name="user.variant" value=""/>
    <property name="java.vendor.url" value="https://java.oracle.com/"/>
    <property name="user.timezone" value="Europe/Berlin"/>
    <property name="os.name" value="Windows 10"/>
    <property name="java.vm.specification.version" value="17"/>
    <property name="sun.java.launcher" value="SUN_STANDARD"/>
    <property name="user.country" value="DE"/>
    <property name="sun.boot.library.path" value="C:\Program Files\Java\jdk-17.0.4.1\bin"/>
    <property name="sun.java.command" value="C:\Users\adnan\AppData\Local\Temp\surefire13619466027232615155\surefirebooter13358512569291535044.jar C:\Users\adnan\AppData\Local\Temp\surefire13619466027232615155 2023-01-01T18-18-09_577-jvmRun1 surefire12764026006708176626tmp surefire_05678471508420999642tmp"/>
    <property name="jdk.debug" value="release"/>
    <property name="surefire.test.class.path" value="C:\Users\adnan\OneDrive\Pictures\FH Aachen\OOS\Praktikum\OOS_P5\target\test-classes;C:\Users\adnan\OneDrive\Pictures\FH Aachen\OOS\Praktikum\OOS_P5\target\classes;C:\Users\adnan\.m2\repository\org\junit\jupiter\junit-jupiter\5.8.0\junit-jupiter-5.8.0.jar;C:\Users\adnan\.m2\repository\org\junit\jupiter\junit-jupiter-api\5.8.0\junit-jupiter-api-5.8.0.jar;C:\Users\adnan\.m2\repository\org\opentest4j\opentest4j\1.2.0\opentest4j-1.2.0.jar;C:\Users\adnan\.m2\repository\org\junit\platform\junit-platform-commons\1.8.0\junit-platform-commons-1.8.0.jar;C:\Users\adnan\.m2\repository\org\apiguardian\apiguardian-api\1.1.2\apiguardian-api-1.1.2.jar;C:\Users\adnan\.m2\repository\org\junit\jupiter\junit-jupiter-params\5.8.0\junit-jupiter-params-5.8.0.jar;C:\Users\adnan\.m2\repository\org\junit\jupiter\junit-jupiter-engine\5.8.0\junit-jupiter-engine-5.8.0.jar;C:\Users\adnan\.m2\repository\org\junit\platform\junit-platform-engine\1.8.0\junit-platform-engine-1.8.0.jar;C:\Users\adnan\.m2\repository\com\google\code\gson\gson\2.10\gson-2.10.jar;C:\Users\adnan\.m2\repository\org\openjfx\javafx-controls\19\javafx-controls-19.jar;C:\Users\adnan\.m2\repository\org\openjfx\javafx-controls\19\javafx-controls-19-win.jar;C:\Users\adnan\.m2\repository\org\openjfx\javafx-graphics\19\javafx-graphics-19.jar;C:\Users\adnan\.m2\repository\org\openjfx\javafx-graphics\19\javafx-graphics-19-win.jar;C:\Users\adnan\.m2\repository\org\openjfx\javafx-base\19\javafx-base-19.jar;C:\Users\adnan\.m2\repository\org\openjfx\javafx-base\19\javafx-base-19-win.jar;C:\Users\adnan\.m2\repository\org\openjfx\javafx-fxml\19\javafx-fxml-19.jar;C:\Users\adnan\.m2\repository\org\openjfx\javafx-fxml\19\javafx-fxml-19-win.jar;C:\Users\adnan\.m2\repository\org\jetbrains\annotations\20.1.0\annotations-20.1.0.jar;"/>
    <property name="sun.cpu.endian" value="little"/>
    <property name="user.home" value="C:\Users\adnan"/>
    <property name="user.language" value="de"/>
    <property name="java.specification.vendor" value="Oracle Corporation"/>
    <property name="java.version.date" value="2022-08-18"/>
    <property name="java.home" value="C:\Program Files\Java\jdk-17.0.4.1"/>
    <property name="file.separator" value="\"/>
    <property name="basedir" value="C:\Users\adnan\OneDrive\Pictures\FH Aachen\OOS\Praktikum\OOS_P5"/>
    <property name="java.vm.compressedOopsMode" value="Zero based"/>
    <property name="line.separator" value="&#10;"/>
    <property name="java.vm.specification.vendor" value="Oracle Corporation"/>
    <property name="java.specification.name" value="Java Platform API Specification"/>
    <property name="surefire.real.class.path" value="C:\Users\adnan\AppData\Local\Temp\surefire13619466027232615155\surefirebooter13358512569291535044.jar"/>
    <property name="user.script" value=""/>
    <property name="sun.management.compiler" value="HotSpot 64-Bit Tiered Compilers"/>
    <property name="java.runtime.version" value="17.0.4.1+1-LTS-2"/>
    <property name="user.name" value="adnan"/>
    <property name="path.separator" value=";"/>
    <property name="os.version" value="10.0"/>
    <property name="java.runtime.name" value="Java(TM) SE Runtime Environment"/>
    <property name="file.encoding" value="Cp1252"/>
    <property name="java.vm.name" value="Java HotSpot(TM) 64-Bit Server VM"/>
    <property name="localRepository" value="C:\Users\adnan\.m2\repository"/>
    <property name="java.vendor.url.bug" value="https://bugreport.java.com/bugreport/"/>
    <property name="java.io.tmpdir" value="C:\Users\adnan\AppData\Local\Temp\"/>
    <property name="idea.version" value="2022.2.3"/>
    <property name="java.version" value="17.0.4.1"/>
    <property name="user.dir" value="C:\Users\adnan\OneDrive\Pictures\FH Aachen\OOS\Praktikum\OOS_P5"/>
    <property name="os.arch" value="amd64"/>
    <property name="java.vm.specification.name" value="Java Virtual Machine Specification"/>
    <property name="sun.os.patch.level" value=""/>
    <property name="native.encoding" value="Cp1252"/>
    <property name="java.library.path" value="C:\Program Files\Java\jdk-17.0.4.1\bin;C:\Windows\Sun\Java\bin;C:\Windows\system32;C:\Windows;C:\Program Files\Common Files\Oracle\Java\javapath;C:\Program Files (x86)\Intel\oneAPI\tbb\latest\redist\intel64\vc_mt\;C:\Program Files (x86)\Intel\oneAPI\tbb\latest\redist\ia32\vc_mt\;C:\Program Files (x86)\Intel\oneAPI\compiler\latest\windows\redist\intel64_win\compiler;C:\Program Files (x86)\Intel\oneAPI\compiler\latest\windows\redist\ia32_win\compiler;C:\Windows\system32;C:\Windows;C:\Windows\System32\Wbem;C:\Windows\System32\WindowsPowerShell\v1.0\;C:\Windows\System32\OpenSSH\;C:\Program Files (x86)\NVIDIA Corporation\PhysX\Common;C:\Program Files\NVIDIA Corporation\NVIDIA NvDLISR;C:\Program Files (x86)\Windows Kits\10\Windows Performance Toolkit\;C:\Program Files (x86)\Windows Kits\10\Microsoft Application Virtualization\Sequencer\;C:\Program Files\MATLAB\R2021a\bin;C:\Program Files\dotnet\;C:\Program Files\Microsoft SQL Server\150\Tools\Binn\;C:\Program Files\nodejs\;C:\xampp\php;C:\ProgramData\ComposerSetup\bin;C:\Program Files\MySQL\MySQL Shell 8.0\bin\;C:\Users\adnan\AppData\Local\Microsoft\WindowsApps;C:\altera\13.0sp1\modelsim_ase\win32aloem;C:\Users\adnan\.dotnet\tools;C:\Users\adnan\AppData\Local\Programs\Microsoft VS Code\bin;C:\Users\adnan\AppData\Roaming\npm;C:\Users\adnan\AppData\Roaming\Composer\vendor\bin;."/>
    <property name="java.vm.info" value="mixed mode, sharing"/>
    <property name="java.vendor" value="Oracle Corporation"/>
    <property name="java.vm.version" value="17.0.4.1+1-LTS-2"/>
    <property name="sun.io.unicode.encoding" value="UnicodeLittle"/>
    <property name="java.class.version" value="61.0"/>
  </properties>
  <testcase name="testCopy" classname="TransferTest" time="0"/>
  <testcase name="testToString" classname="TransferTest" time="0"/>
  <testcase name="testCalculate{double}[1]" classname="TransferTest" time="0.001"/>
  <testcase name="testCalculate{double}[2]" classname="TransferTest" time="0.001"/>
  <testcase name="testCalculate{double}[3]" classname="TransferTest" time="0.001"/>
  <testcase name="testEquals" classname="TransferTest" time="0.001"/>
  <testcase name="testConstructor" classname="TransferTest" time="0.001"/>
</testsuite>